2025-04-27 09:58:26,158 - data.collector - INFO - FastF1 cache enabled at D:\VSCODE\UEH_BigData_Final\UEH_BigData_Final\data\cache
2025-04-27 09:58:26,158 - data.collector - INFO - F1Collector initialized successfully
2025-04-27 09:58:26,159 - data.collector - INFO - Loading R session for Saudi Arabian Grand Prix 2021
2025-04-27 09:58:26,681 - fastf1.fastf1.core - INFO - Loading data for Saudi Arabian Grand Prix - Race [v3.5.3]
2025-04-27 09:58:26,683 - fastf1.fastf1.req - INFO - No cached data found for session_info. Loading data...
2025-04-27 09:58:26,684 - fastf1.api - INFO - Fetching session info data...
2025-04-27 09:58:26,928 - fastf1.fastf1.req - INFO - Data has been written to cache!
2025-04-27 09:58:26,929 - fastf1.fastf1.req - INFO - No cached data found for driver_info. Loading data...
2025-04-27 09:58:26,930 - fastf1.api - INFO - Fetching driver list...
2025-04-27 09:58:27,026 - fastf1.fastf1.req - INFO - Data has been written to cache!
2025-04-27 09:58:28,215 - fastf1.fastf1.req - INFO - No cached data found for session_status_data. Loading data...
2025-04-27 09:58:28,217 - fastf1.api - INFO - Fetching session status data...
2025-04-27 09:58:28,242 - fastf1.fastf1.req - INFO - Data has been written to cache!
2025-04-27 09:58:28,244 - fastf1.fastf1.req - INFO - No cached data found for lap_count. Loading data...
2025-04-27 09:58:28,246 - fastf1.api - INFO - Fetching lap count data...
2025-04-27 09:58:28,499 - fastf1.fastf1.req - INFO - Data has been written to cache!
2025-04-27 09:58:28,501 - fastf1.fastf1.req - INFO - No cached data found for track_status_data. Loading data...
2025-04-27 09:58:28,502 - fastf1.api - INFO - Fetching track status data...
2025-04-27 09:58:28,795 - fastf1.fastf1.req - INFO - Data has been written to cache!
2025-04-27 09:58:28,797 - fastf1.fastf1.req - INFO - No cached data found for _extended_timing_data. Loading data...
2025-04-27 09:58:28,797 - fastf1.api - INFO - Fetching timing data...
2025-04-27 09:58:29,575 - fastf1.api - INFO - Parsing timing data...
2025-04-27 09:58:30,899 - fastf1.fastf1.req - INFO - Data has been written to cache!
2025-04-27 09:58:30,900 - fastf1.fastf1.req - INFO - No cached data found for timing_app_data. Loading data...
2025-04-27 09:58:30,901 - fastf1.api - INFO - Fetching timing app data...
2025-04-27 09:58:30,999 - fastf1.fastf1.req - INFO - Data has been written to cache!
2025-04-27 09:58:31,000 - fastf1.fastf1.core - INFO - Processing timing data...
2025-04-27 09:58:32,867 - fastf1.fastf1.req - INFO - No cached data found for car_data. Loading data...
2025-04-27 09:58:32,867 - fastf1.api - INFO - Fetching car data...
2025-04-27 09:58:33,369 - fastf1.api - INFO - Parsing car data...
2025-04-27 09:58:41,219 - fastf1.fastf1.req - INFO - Data has been written to cache!
2025-04-27 09:58:41,220 - fastf1.fastf1.req - INFO - No cached data found for position_data. Loading data...
2025-04-27 09:58:41,221 - fastf1.api - INFO - Fetching position data...
2025-04-27 09:58:41,753 - fastf1.api - INFO - Parsing position data...
2025-04-27 09:58:49,729 - fastf1.api - WARNING - Driver 241: Position data is incomplete!
2025-04-27 09:58:49,743 - fastf1.api - WARNING - Driver 242: Position data is incomplete!
2025-04-27 09:58:49,757 - fastf1.api - WARNING - Driver 243: Position data is incomplete!
2025-04-27 09:58:50,129 - fastf1.fastf1.req - INFO - Data has been written to cache!
2025-04-27 09:58:52,546 - fastf1.fastf1.req - INFO - No cached data found for weather_data. Loading data...
2025-04-27 09:58:52,547 - fastf1.api - INFO - Fetching weather data...
2025-04-27 09:58:52,600 - fastf1.fastf1.req - INFO - Data has been written to cache!
2025-04-27 09:58:52,603 - fastf1.fastf1.req - INFO - No cached data found for race_control_messages. Loading data...
2025-04-27 09:58:52,604 - fastf1.api - INFO - Fetching race control messages...
2025-04-27 09:58:52,938 - fastf1.fastf1.req - INFO - Data has been written to cache!
2025-04-27 09:58:52,944 - fastf1.fastf1.core - WARNING - Driver 44 completed the race distance 00:00.180000 before the recorded end of the session.
2025-04-27 09:58:53,123 - fastf1.fastf1.core - INFO - Finished loading data for 20 drivers: ['44', '33', '77', '31', '3', '10', '16', '55', '99', '4', '18', '6', '14', '22', '7', '5', '11', '9', '63', '47']
2025-04-27 09:58:53,128 - data.collector - INFO - Processed 845 laps from Saudi Arabian Grand Prix
2025-04-27 09:58:53,153 - data.collector - INFO - Saved 845 records to D:\VSCODE\UEH_BigData_Final\UEH_BigData_Final\data\raw\2021\saudi_arabian_grand_prix_r_laps.parquet
2025-04-27 09:58:53,174 - data.collector - INFO - Processed 20 drivers from Saudi Arabian Grand Prix
2025-04-27 09:58:53,177 - data.collector - INFO - Saved 20 records to D:\VSCODE\UEH_BigData_Final\UEH_BigData_Final\data\raw\2021\saudi_arabian_grand_prix_r_drivers.parquet
2025-04-27 09:58:53,179 - data.collector - INFO - Processed results for Saudi Arabian Grand Prix
2025-04-27 09:58:53,187 - data.collector - INFO - Saved 20 records to D:\VSCODE\UEH_BigData_Final\UEH_BigData_Final\data\raw\2021\saudi_arabian_grand_prix_r_results.parquet
2025-04-27 09:58:53,187 - data.collector - INFO - Loading Q session for Saudi Arabian Grand Prix 2021
2025-04-27 09:58:53,206 - fastf1.fastf1.core - INFO - Loading data for Saudi Arabian Grand Prix - Qualifying [v3.5.3]
2025-04-27 09:58:53,208 - fastf1.fastf1.req - INFO - No cached data found for session_info. Loading data...
2025-04-27 09:58:53,209 - fastf1.api - INFO - Fetching session info data...
2025-04-27 09:58:53,273 - fastf1.fastf1.req - INFO - Data has been written to cache!
2025-04-27 09:58:53,274 - fastf1.fastf1.req - INFO - No cached data found for driver_info. Loading data...
2025-04-27 09:58:53,275 - fastf1.api - INFO - Fetching driver list...
2025-04-27 09:58:53,534 - fastf1.fastf1.req - INFO - Data has been written to cache!
2025-04-27 09:58:54,201 - fastf1.fastf1.req - INFO - No cached data found for session_status_data. Loading data...
2025-04-27 09:58:54,202 - fastf1.api - INFO - Fetching session status data...
2025-04-27 09:58:54,252 - fastf1.fastf1.req - INFO - Data has been written to cache!
2025-04-27 09:58:54,254 - fastf1.fastf1.req - INFO - No cached data found for track_status_data. Loading data...
2025-04-27 09:58:54,255 - fastf1.api - INFO - Fetching track status data...
2025-04-27 09:58:54,520 - fastf1.fastf1.req - INFO - Data has been written to cache!
2025-04-27 09:58:54,522 - fastf1.fastf1.req - INFO - No cached data found for _extended_timing_data. Loading data...
2025-04-27 09:58:54,523 - fastf1.api - INFO - Fetching timing data...
2025-04-27 09:58:55,034 - fastf1.api - INFO - Parsing timing data...
2025-04-27 09:58:55,161 - fastf1.api - WARNING - Driver 77: Encountered 1 timing integrity error(s) near lap(s): [9].
This might be a bug and should be reported.
2025-04-27 09:58:55,370 - fastf1.fastf1.req - INFO - Data has been written to cache!
2025-04-27 09:58:55,372 - fastf1.fastf1.req - INFO - No cached data found for timing_app_data. Loading data...
2025-04-27 09:58:55,373 - fastf1.api - INFO - Fetching timing app data...
2025-04-27 09:58:55,565 - fastf1.fastf1.req - INFO - Data has been written to cache!
2025-04-27 09:58:55,567 - fastf1.fastf1.core - INFO - Processing timing data...
2025-04-27 09:58:56,240 - fastf1.fastf1.req - INFO - No cached data found for car_data. Loading data...
2025-04-27 09:58:56,241 - fastf1.api - INFO - Fetching car data...
2025-04-27 09:58:56,610 - fastf1.api - INFO - Parsing car data...
2025-04-27 09:58:59,685 - fastf1.fastf1.req - INFO - Data has been written to cache!
2025-04-27 09:58:59,686 - fastf1.fastf1.req - INFO - No cached data found for position_data. Loading data...
2025-04-27 09:58:59,688 - fastf1.api - INFO - Fetching position data...
2025-04-27 09:59:00,101 - fastf1.api - INFO - Parsing position data...
2025-04-27 09:59:03,492 - fastf1.fastf1.req - INFO - Data has been written to cache!
2025-04-27 09:59:04,464 - fastf1.fastf1.req - INFO - No cached data found for weather_data. Loading data...
2025-04-27 09:59:04,465 - fastf1.api - INFO - Fetching weather data...
2025-04-27 09:59:04,640 - fastf1.fastf1.req - INFO - Data has been written to cache!
2025-04-27 09:59:04,643 - fastf1.fastf1.req - INFO - No cached data found for race_control_messages. Loading data...
2025-04-27 09:59:04,643 - fastf1.api - INFO - Fetching race control messages...
2025-04-27 09:59:04,775 - fastf1.fastf1.req - INFO - Data has been written to cache!
2025-04-27 09:59:04,822 - fastf1.fastf1.core - INFO - Finished loading data for 20 drivers: ['44', '77', '33', '16', '11', '10', '4', '22', '31', '99', '3', '7', '14', '63', '55', '6', '5', '18', '47', '9']
2025-04-27 09:59:04,827 - data.collector - INFO - Processed 359 laps from Saudi Arabian Grand Prix
2025-04-27 09:59:04,836 - data.collector - INFO - Saved 359 records to D:\VSCODE\UEH_BigData_Final\UEH_BigData_Final\data\raw\2021\saudi_arabian_grand_prix_q_laps.parquet
2025-04-27 09:59:04,860 - data.collector - INFO - Processed 20 drivers from Saudi Arabian Grand Prix
2025-04-27 09:59:04,863 - data.collector - INFO - Saved 20 records to D:\VSCODE\UEH_BigData_Final\UEH_BigData_Final\data\raw\2021\saudi_arabian_grand_prix_q_drivers.parquet
2025-04-27 09:59:04,865 - data.collector - INFO - Processed results for Saudi Arabian Grand Prix
2025-04-27 09:59:04,872 - data.collector - INFO - Saved 20 records to D:\VSCODE\UEH_BigData_Final\UEH_BigData_Final\data\raw\2021\saudi_arabian_grand_prix_q_results.parquet
2025-04-27 13:00:14,532 - data.collector - INFO - FastF1 cache enabled at D:\VSCODE\UEH_BigData_Final\UEH_BigData_Final\data\cache
2025-04-27 13:00:14,534 - data.collector - INFO - F1Collector initialized successfully
2025-04-27 13:00:14,535 - data.collector - INFO - Loading R session for Adu Dahbi Grand Prix 2021
2025-04-27 13:00:15,175 - fastf1.fastf1.events - WARNING - Correcting user input 'Adu Dahbi Grand Prix' to 'Abu Dhabi Grand Prix'
2025-04-27 13:00:15,178 - fastf1.fastf1.core - INFO - Loading data for Abu Dhabi Grand Prix - Race [v3.5.3]
2025-04-27 13:00:15,180 - fastf1.fastf1.req - INFO - No cached data found for session_info. Loading data...
2025-04-27 13:00:15,181 - fastf1.api - INFO - Fetching session info data...
2025-04-27 13:00:17,563 - fastf1.fastf1.req - INFO - Data has been written to cache!
2025-04-27 13:00:17,565 - fastf1.fastf1.req - INFO - No cached data found for driver_info. Loading data...
2025-04-27 13:00:17,566 - fastf1.api - INFO - Fetching driver list...
2025-04-27 13:00:18,265 - fastf1.fastf1.req - INFO - Data has been written to cache!
2025-04-27 13:00:20,118 - fastf1.fastf1.req - INFO - No cached data found for session_status_data. Loading data...
2025-04-27 13:00:20,119 - fastf1.api - INFO - Fetching session status data...
2025-04-27 13:00:20,794 - fastf1.fastf1.req - INFO - Data has been written to cache!
2025-04-27 13:00:20,796 - fastf1.fastf1.req - INFO - No cached data found for lap_count. Loading data...
2025-04-27 13:00:20,797 - fastf1.api - INFO - Fetching lap count data...
2025-04-27 13:00:21,410 - fastf1.fastf1.req - INFO - Data has been written to cache!
2025-04-27 13:00:21,412 - fastf1.fastf1.req - INFO - No cached data found for track_status_data. Loading data...
2025-04-27 13:00:21,413 - fastf1.api - INFO - Fetching track status data...
2025-04-27 13:00:22,130 - fastf1.fastf1.req - INFO - Data has been written to cache!
2025-04-27 13:00:22,134 - fastf1.fastf1.req - INFO - No cached data found for _extended_timing_data. Loading data...
2025-04-27 13:00:22,136 - fastf1.api - INFO - Fetching timing data...
2025-04-27 13:00:23,762 - fastf1.api - INFO - Parsing timing data...
2025-04-27 13:00:25,338 - fastf1.fastf1.req - INFO - Data has been written to cache!
2025-04-27 13:00:25,340 - fastf1.fastf1.req - INFO - No cached data found for timing_app_data. Loading data...
2025-04-27 13:00:25,341 - fastf1.api - INFO - Fetching timing app data...
2025-04-27 13:00:26,065 - fastf1.fastf1.req - INFO - Data has been written to cache!
2025-04-27 13:00:26,067 - fastf1.fastf1.core - INFO - Processing timing data...
2025-04-27 13:00:27,022 - fastf1.fastf1.core - WARNING - No lap data for driver 9
2025-04-27 13:00:27,407 - fastf1.fastf1.core - WARNING - Failed to perform lap accuracy check - all laps marked as inaccurate (driver 9)
2025-04-27 13:00:29,183 - fastf1.fastf1.req - INFO - No cached data found for car_data. Loading data...
2025-04-27 13:00:29,184 - fastf1.api - INFO - Fetching car data...
2025-04-27 13:00:30,381 - fastf1.api - INFO - Parsing car data...
2025-04-27 13:00:36,839 - fastf1.fastf1.req - INFO - Data has been written to cache!
2025-04-27 13:00:36,840 - fastf1.fastf1.req - INFO - No cached data found for position_data. Loading data...
2025-04-27 13:00:36,841 - fastf1.api - INFO - Fetching position data...
2025-04-27 13:00:38,047 - fastf1.api - INFO - Parsing position data...
2025-04-27 13:00:44,465 - fastf1.api - WARNING - Driver 241: Position data is incomplete!
2025-04-27 13:00:44,476 - fastf1.api - WARNING - Driver 242: Position data is incomplete!
2025-04-27 13:00:44,489 - fastf1.api - WARNING - Driver 243: Position data is incomplete!
2025-04-27 13:00:44,800 - fastf1.fastf1.req - INFO - Data has been written to cache!
2025-04-27 13:00:46,570 - fastf1.fastf1.req - INFO - No cached data found for weather_data. Loading data...
2025-04-27 13:00:46,571 - fastf1.api - INFO - Fetching weather data...
2025-04-27 13:00:47,327 - fastf1.fastf1.req - INFO - Data has been written to cache!
2025-04-27 13:00:47,330 - fastf1.fastf1.req - INFO - No cached data found for race_control_messages. Loading data...
2025-04-27 13:00:47,330 - fastf1.api - INFO - Fetching race control messages...
2025-04-27 13:00:48,063 - fastf1.fastf1.req - INFO - Data has been written to cache!
2025-04-27 13:00:48,068 - fastf1.fastf1.core - WARNING - Driver 33 completed the race distance 00:00.035000 before the recorded end of the session.
2025-04-27 13:00:48,164 - fastf1.fastf1.core - INFO - Finished loading data for 20 drivers: ['33', '44', '55', '22', '10', '77', '4', '14', '31', '16', '5', '3', '18', '47', '11', '6', '99', '63', '7', '9']
2025-04-27 13:00:48,168 - data.collector - INFO - Processed 1000 laps from Abu Dhabi Grand Prix
2025-04-27 13:00:48,184 - data.collector - INFO - Saved 1000 records to D:\VSCODE\UEH_BigData_Final\UEH_BigData_Final\data\raw\2021\adu_dahbi_grand_prix_r_laps.parquet
2025-04-27 13:00:48,254 - data.collector - INFO - Processed 20 drivers from Abu Dhabi Grand Prix
2025-04-27 13:00:48,259 - data.collector - INFO - Saved 20 records to D:\VSCODE\UEH_BigData_Final\UEH_BigData_Final\data\raw\2021\adu_dahbi_grand_prix_r_drivers.parquet
2025-04-27 13:00:48,263 - data.collector - INFO - Processed results for Abu Dhabi Grand Prix
2025-04-27 13:00:48,272 - data.collector - INFO - Saved 20 records to D:\VSCODE\UEH_BigData_Final\UEH_BigData_Final\data\raw\2021\adu_dahbi_grand_prix_r_results.parquet
2025-04-27 13:00:48,273 - data.collector - INFO - Loading Q session for Adu Dahbi Grand Prix 2021
2025-04-27 13:00:48,297 - fastf1.fastf1.events - WARNING - Correcting user input 'Adu Dahbi Grand Prix' to 'Abu Dhabi Grand Prix'
2025-04-27 13:00:48,299 - fastf1.fastf1.core - INFO - Loading data for Abu Dhabi Grand Prix - Qualifying [v3.5.3]
2025-04-27 13:00:48,301 - fastf1.fastf1.req - INFO - No cached data found for session_info. Loading data...
2025-04-27 13:00:48,302 - fastf1.api - INFO - Fetching session info data...
2025-04-27 13:00:49,046 - fastf1.fastf1.req - INFO - Data has been written to cache!
2025-04-27 13:00:49,048 - fastf1.fastf1.req - INFO - No cached data found for driver_info. Loading data...
2025-04-27 13:00:49,050 - fastf1.api - INFO - Fetching driver list...
2025-04-27 13:00:49,806 - fastf1.fastf1.req - INFO - Data has been written to cache!
2025-04-27 13:00:51,252 - fastf1.fastf1.req - INFO - No cached data found for session_status_data. Loading data...
2025-04-27 13:00:51,253 - fastf1.api - INFO - Fetching session status data...
2025-04-27 13:00:52,018 - fastf1.fastf1.req - INFO - Data has been written to cache!
2025-04-27 13:00:52,020 - fastf1.fastf1.req - INFO - No cached data found for track_status_data. Loading data...
2025-04-27 13:00:52,020 - fastf1.api - INFO - Fetching track status data...
2025-04-27 13:00:52,758 - fastf1.fastf1.req - INFO - Data has been written to cache!
2025-04-27 13:00:52,761 - fastf1.fastf1.req - INFO - No cached data found for _extended_timing_data. Loading data...
2025-04-27 13:00:52,763 - fastf1.api - INFO - Fetching timing data...
2025-04-27 13:00:54,399 - fastf1.api - INFO - Parsing timing data...
2025-04-27 13:00:54,701 - fastf1.fastf1.req - INFO - Data has been written to cache!
2025-04-27 13:00:54,703 - fastf1.fastf1.req - INFO - No cached data found for timing_app_data. Loading data...
2025-04-27 13:00:54,704 - fastf1.api - INFO - Fetching timing app data...
2025-04-27 13:00:55,668 - fastf1.fastf1.req - INFO - Data has been written to cache!
2025-04-27 13:00:55,669 - fastf1.fastf1.core - INFO - Processing timing data...
2025-04-27 13:00:56,306 - fastf1.fastf1.core - WARNING - Driver 22: Lap timing integrity check failed for 1 lap(s)
2025-04-27 13:00:56,318 - fastf1.fastf1.core - WARNING - Driver  3: Lap timing integrity check failed for 1 lap(s)
2025-04-27 13:00:56,336 - fastf1.fastf1.core - WARNING - Driver 18: Lap timing integrity check failed for 1 lap(s)
2025-04-27 13:00:56,370 - fastf1.fastf1.req - INFO - No cached data found for car_data. Loading data...
2025-04-27 13:00:56,370 - fastf1.api - INFO - Fetching car data...
2025-04-27 13:00:58,424 - fastf1.api - INFO - Parsing car data...
2025-04-27 13:01:01,546 - fastf1.fastf1.req - INFO - Data has been written to cache!
2025-04-27 13:01:01,548 - fastf1.fastf1.req - INFO - No cached data found for position_data. Loading data...
2025-04-27 13:01:01,550 - fastf1.api - INFO - Fetching position data...
2025-04-27 13:01:03,879 - fastf1.api - INFO - Parsing position data...
2025-04-27 13:01:07,191 - fastf1.fastf1.req - INFO - Data has been written to cache!
2025-04-27 13:01:08,167 - fastf1.fastf1.req - INFO - No cached data found for weather_data. Loading data...
2025-04-27 13:01:08,168 - fastf1.api - INFO - Fetching weather data...
2025-04-27 13:01:08,892 - fastf1.fastf1.req - INFO - Data has been written to cache!
2025-04-27 13:01:08,897 - fastf1.fastf1.req - INFO - No cached data found for race_control_messages. Loading data...
2025-04-27 13:01:08,898 - fastf1.api - INFO - Fetching race control messages...
2025-04-27 13:01:09,977 - fastf1.fastf1.req - INFO - Data has been written to cache!
2025-04-27 13:01:10,030 - fastf1.fastf1.core - INFO - Finished loading data for 20 drivers: ['33', '44', '4', '11', '55', '77', '16', '22', '31', '3', '14', '10', '18', '99', '5', '6', '63', '7', '47', '9']
2025-04-27 13:01:10,034 - data.collector - INFO - Processed 328 laps from Abu Dhabi Grand Prix
2025-04-27 13:01:10,043 - data.collector - INFO - Saved 328 records to D:\VSCODE\UEH_BigData_Final\UEH_BigData_Final\data\raw\2021\adu_dahbi_grand_prix_q_laps.parquet
2025-04-27 13:01:10,066 - data.collector - INFO - Processed 20 drivers from Abu Dhabi Grand Prix
2025-04-27 13:01:10,069 - data.collector - INFO - Saved 20 records to D:\VSCODE\UEH_BigData_Final\UEH_BigData_Final\data\raw\2021\adu_dahbi_grand_prix_q_drivers.parquet
2025-04-27 13:01:10,071 - data.collector - INFO - Processed results for Abu Dhabi Grand Prix
2025-04-27 13:01:10,078 - data.collector - INFO - Saved 20 records to D:\VSCODE\UEH_BigData_Final\UEH_BigData_Final\data\raw\2021\adu_dahbi_grand_prix_q_results.parquet
2025-04-27 13:09:57,536 - data.collector - INFO - FastF1 cache enabled at D:\VSCODE\UEH_BigData_Final\UEH_BigData_Final\data\cache
2025-04-27 13:09:57,536 - data.collector - INFO - F1Collector initialized successfully
2025-04-27 13:09:57,537 - data.collector - INFO - Loading R session for Monaco Grand Prix 2021
2025-04-27 13:09:58,039 - fastf1.fastf1.core - INFO - Loading data for Monaco Grand Prix - Race [v3.5.3]
2025-04-27 13:09:58,040 - fastf1.fastf1.req - INFO - No cached data found for session_info. Loading data...
2025-04-27 13:09:58,041 - fastf1.api - INFO - Fetching session info data...
2025-04-27 13:09:58,898 - fastf1.fastf1.req - INFO - Data has been written to cache!
2025-04-27 13:09:58,901 - fastf1.fastf1.req - INFO - No cached data found for driver_info. Loading data...
2025-04-27 13:09:58,903 - fastf1.api - INFO - Fetching driver list...
2025-04-27 13:09:59,503 - fastf1.fastf1.req - INFO - Data has been written to cache!
2025-04-27 13:10:00,533 - fastf1.fastf1.req - INFO - No cached data found for session_status_data. Loading data...
2025-04-27 13:10:00,534 - fastf1.api - INFO - Fetching session status data...
2025-04-27 13:10:01,156 - fastf1.fastf1.req - INFO - Data has been written to cache!
2025-04-27 13:10:01,159 - fastf1.fastf1.req - INFO - No cached data found for lap_count. Loading data...
2025-04-27 13:10:01,160 - fastf1.api - INFO - Fetching lap count data...
2025-04-27 13:10:01,750 - fastf1.fastf1.req - INFO - Data has been written to cache!
2025-04-27 13:10:01,751 - fastf1.fastf1.req - INFO - No cached data found for track_status_data. Loading data...
2025-04-27 13:10:01,752 - fastf1.api - INFO - Fetching track status data...
2025-04-27 13:10:02,407 - fastf1.fastf1.req - INFO - Data has been written to cache!
2025-04-27 13:10:02,412 - fastf1.fastf1.req - INFO - No cached data found for _extended_timing_data. Loading data...
2025-04-27 13:10:02,414 - fastf1.api - INFO - Fetching timing data...
2025-04-27 13:10:04,981 - fastf1.api - INFO - Parsing timing data...
2025-04-27 13:10:06,776 - fastf1.fastf1.req - INFO - Data has been written to cache!
2025-04-27 13:10:06,778 - fastf1.fastf1.req - INFO - No cached data found for timing_app_data. Loading data...
2025-04-27 13:10:06,779 - fastf1.api - INFO - Fetching timing app data...
2025-04-27 13:10:08,684 - fastf1.fastf1.req - INFO - Data has been written to cache!
2025-04-27 13:10:08,685 - fastf1.fastf1.core - INFO - Processing timing data...
2025-04-27 13:10:10,740 - fastf1.fastf1.req - INFO - No cached data found for car_data. Loading data...
2025-04-27 13:10:10,741 - fastf1.api - INFO - Fetching car data...
2025-04-27 13:10:12,460 - fastf1.api - INFO - Parsing car data...
2025-04-27 13:10:17,820 - fastf1.fastf1.req - INFO - Data has been written to cache!
2025-04-27 13:10:17,822 - fastf1.fastf1.req - INFO - No cached data found for position_data. Loading data...
2025-04-27 13:10:17,823 - fastf1.api - INFO - Fetching position data...
2025-04-27 13:10:20,521 - fastf1.api - INFO - Parsing position data...
2025-04-27 13:10:26,396 - fastf1.fastf1.req - INFO - Data has been written to cache!
2025-04-27 13:10:28,047 - fastf1.fastf1.req - INFO - No cached data found for weather_data. Loading data...
2025-04-27 13:10:28,048 - fastf1.api - INFO - Fetching weather data...
2025-04-27 13:10:28,881 - fastf1.fastf1.req - INFO - Data has been written to cache!
2025-04-27 13:10:28,887 - fastf1.fastf1.req - INFO - No cached data found for race_control_messages. Loading data...
2025-04-27 13:10:28,889 - fastf1.api - INFO - Fetching race control messages...
2025-04-27 13:10:29,591 - fastf1.fastf1.req - INFO - Data has been written to cache!
2025-04-27 13:10:29,596 - fastf1.fastf1.core - WARNING - Driver 33 completed the race distance 00:00.058000 before the recorded end of the session.
2025-04-27 13:10:29,681 - fastf1.fastf1.core - INFO - Finished loading data for 20 drivers: ['33', '55', '4', '11', '5', '10', '44', '18', '31', '99', '7', '3', '14', '63', '6', '22', '9', '47', '77', '16']
2025-04-27 13:10:29,686 - data.collector - INFO - Processed 1420 laps from Monaco Grand Prix
2025-04-27 13:10:29,718 - data.collector - INFO - Saved 1420 records to D:\VSCODE\UEH_BigData_Final\UEH_BigData_Final\data\raw\2021\monaco_grand_prix_r_laps.parquet
2025-04-27 13:10:29,737 - data.collector - INFO - Processed 20 drivers from Monaco Grand Prix
2025-04-27 13:10:29,741 - data.collector - INFO - Saved 20 records to D:\VSCODE\UEH_BigData_Final\UEH_BigData_Final\data\raw\2021\monaco_grand_prix_r_drivers.parquet
2025-04-27 13:10:29,743 - data.collector - INFO - Processed results for Monaco Grand Prix
2025-04-27 13:10:29,750 - data.collector - INFO - Saved 20 records to D:\VSCODE\UEH_BigData_Final\UEH_BigData_Final\data\raw\2021\monaco_grand_prix_r_results.parquet
2025-04-27 13:10:29,750 - data.collector - INFO - Loading Q session for Monaco Grand Prix 2021
2025-04-27 13:10:29,767 - fastf1.fastf1.core - INFO - Loading data for Monaco Grand Prix - Qualifying [v3.5.3]
2025-04-27 13:10:29,769 - fastf1.fastf1.req - INFO - No cached data found for session_info. Loading data...
2025-04-27 13:10:29,770 - fastf1.api - INFO - Fetching session info data...
2025-04-27 13:10:30,791 - fastf1.fastf1.req - INFO - Data has been written to cache!
2025-04-27 13:10:30,795 - fastf1.fastf1.req - INFO - No cached data found for driver_info. Loading data...
2025-04-27 13:10:30,797 - fastf1.api - INFO - Fetching driver list...
2025-04-27 13:10:31,503 - fastf1.fastf1.req - INFO - Data has been written to cache!
2025-04-27 13:10:32,274 - fastf1.fastf1.req - INFO - No cached data found for session_status_data. Loading data...
2025-04-27 13:10:32,275 - fastf1.api - INFO - Fetching session status data...
2025-04-27 13:10:33,051 - fastf1.fastf1.req - INFO - Data has been written to cache!
2025-04-27 13:10:33,053 - fastf1.fastf1.req - INFO - No cached data found for track_status_data. Loading data...
2025-04-27 13:10:33,053 - fastf1.api - INFO - Fetching track status data...
2025-04-27 13:10:33,789 - fastf1.fastf1.req - INFO - Data has been written to cache!
2025-04-27 13:10:33,797 - fastf1.fastf1.req - INFO - No cached data found for _extended_timing_data. Loading data...
2025-04-27 13:10:33,799 - fastf1.api - INFO - Fetching timing data...
2025-04-27 13:10:34,907 - fastf1.api - INFO - Parsing timing data...
2025-04-27 13:10:35,283 - fastf1.fastf1.req - INFO - Data has been written to cache!
2025-04-27 13:10:35,284 - fastf1.fastf1.req - INFO - No cached data found for timing_app_data. Loading data...
2025-04-27 13:10:35,285 - fastf1.api - INFO - Fetching timing app data...
2025-04-27 13:10:36,288 - fastf1.fastf1.req - INFO - Data has been written to cache!
2025-04-27 13:10:36,289 - fastf1.fastf1.core - INFO - Processing timing data...
2025-04-27 13:10:36,864 - fastf1.fastf1.core - WARNING - No lap data for driver 47
2025-04-27 13:10:36,954 - fastf1.fastf1.core - WARNING - Driver  5: Lap timing integrity check failed for 1 lap(s)
2025-04-27 13:10:37,025 - fastf1.fastf1.core - WARNING - Failed to perform lap accuracy check - all laps marked as inaccurate (driver 47)
2025-04-27 13:10:37,027 - fastf1.fastf1.req - INFO - No cached data found for car_data. Loading data...
2025-04-27 13:10:37,028 - fastf1.api - INFO - Fetching car data...
2025-04-27 13:10:37,853 - fastf1.api - INFO - Parsing car data...
2025-04-27 13:10:40,989 - fastf1.fastf1.req - INFO - Data has been written to cache!
2025-04-27 13:10:40,991 - fastf1.fastf1.req - INFO - No cached data found for position_data. Loading data...
2025-04-27 13:10:40,992 - fastf1.api - INFO - Fetching position data...
2025-04-27 13:10:41,961 - fastf1.api - INFO - Parsing position data...
2025-04-27 13:10:45,294 - fastf1.fastf1.req - INFO - Data has been written to cache!
2025-04-27 13:10:46,259 - fastf1.fastf1.req - INFO - No cached data found for weather_data. Loading data...
2025-04-27 13:10:46,261 - fastf1.api - INFO - Fetching weather data...
2025-04-27 13:10:46,964 - fastf1.fastf1.req - INFO - Data has been written to cache!
2025-04-27 13:10:46,971 - fastf1.fastf1.req - INFO - No cached data found for race_control_messages. Loading data...
2025-04-27 13:10:46,975 - fastf1.api - INFO - Fetching race control messages...
2025-04-27 13:10:47,654 - fastf1.fastf1.req - INFO - Data has been written to cache!
2025-04-27 13:10:47,712 - fastf1.fastf1.core - INFO - Finished loading data for 20 drivers: ['16', '33', '77', '55', '4', '10', '44', '5', '11', '99', '31', '3', '18', '7', '63', '22', '14', '6', '9', '47']
2025-04-27 13:10:47,718 - data.collector - INFO - Processed 425 laps from Monaco Grand Prix
2025-04-27 13:10:47,728 - data.collector - INFO - Saved 425 records to D:\VSCODE\UEH_BigData_Final\UEH_BigData_Final\data\raw\2021\monaco_grand_prix_q_laps.parquet
2025-04-27 13:10:47,750 - data.collector - INFO - Processed 20 drivers from Monaco Grand Prix
2025-04-27 13:10:47,753 - data.collector - INFO - Saved 20 records to D:\VSCODE\UEH_BigData_Final\UEH_BigData_Final\data\raw\2021\monaco_grand_prix_q_drivers.parquet
2025-04-27 13:10:47,755 - data.collector - INFO - Processed results for Monaco Grand Prix
2025-04-27 13:10:47,762 - data.collector - INFO - Saved 20 records to D:\VSCODE\UEH_BigData_Final\UEH_BigData_Final\data\raw\2021\monaco_grand_prix_q_results.parquet
2025-04-27 13:27:47,300 - data.collector - INFO - FastF1 cache enabled at D:\VSCODE\UEH_BigData_Final\UEH_BigData_Final\data\cache
2025-04-27 13:27:47,301 - data.collector - INFO - F1Collector initialized successfully
2025-04-27 13:27:47,302 - data.collector - INFO - Loading R session for Monaco Grand Prix 2021
2025-04-27 13:27:47,774 - fastf1.fastf1.core - INFO - Loading data for Monaco Grand Prix - Race [v3.5.3]
2025-04-27 13:27:47,784 - fastf1.fastf1.req - INFO - Using cached data for session_info
2025-04-27 13:27:47,799 - fastf1.fastf1.req - INFO - Using cached data for driver_info
2025-04-27 13:27:47,837 - fastf1.fastf1.req - INFO - Using cached data for session_status_data
2025-04-27 13:27:47,845 - fastf1.fastf1.req - INFO - Using cached data for lap_count
2025-04-27 13:27:47,854 - fastf1.fastf1.req - INFO - Using cached data for track_status_data
2025-04-27 13:27:47,872 - fastf1.fastf1.req - INFO - Using cached data for _extended_timing_data
2025-04-27 13:27:47,881 - fastf1.fastf1.req - INFO - Using cached data for timing_app_data
2025-04-27 13:27:47,883 - fastf1.fastf1.core - INFO - Processing timing data...
2025-04-27 13:27:49,762 - fastf1.fastf1.req - INFO - Using cached data for car_data
2025-04-27 13:27:49,875 - fastf1.fastf1.req - INFO - Using cached data for position_data
2025-04-27 13:27:51,375 - fastf1.fastf1.req - INFO - Using cached data for weather_data
2025-04-27 13:27:51,384 - fastf1.fastf1.req - INFO - Using cached data for race_control_messages
2025-04-27 13:27:51,389 - fastf1.fastf1.core - WARNING - Driver 33 completed the race distance 00:00.058000 before the recorded end of the session.
2025-04-27 13:27:51,476 - fastf1.fastf1.core - INFO - Finished loading data for 20 drivers: ['33', '55', '4', '11', '5', '10', '44', '18', '31', '99', '7', '3', '14', '63', '6', '22', '9', '47', '77', '16']
2025-04-27 13:27:51,481 - data.collector - INFO - Processed 1420 laps from Monaco Grand Prix
2025-04-27 13:27:51,503 - data.collector - INFO - Saved 1420 records to D:\VSCODE\UEH_BigData_Final\UEH_BigData_Final\data\raw\2021\monaco_grand_prix_r_laps.parquet
2025-04-27 13:27:51,525 - data.collector - INFO - Processed 20 drivers from Monaco Grand Prix
2025-04-27 13:27:51,529 - data.collector - INFO - Saved 20 records to D:\VSCODE\UEH_BigData_Final\UEH_BigData_Final\data\raw\2021\monaco_grand_prix_r_drivers.parquet
2025-04-27 13:27:51,532 - data.collector - INFO - Processed results for Monaco Grand Prix
2025-04-27 13:27:51,539 - data.collector - INFO - Saved 20 records to D:\VSCODE\UEH_BigData_Final\UEH_BigData_Final\data\raw\2021\monaco_grand_prix_r_results.parquet
2025-04-27 13:27:51,539 - data.collector - INFO - Loading Q session for Monaco Grand Prix 2021
2025-04-27 13:27:51,560 - fastf1.fastf1.core - INFO - Loading data for Monaco Grand Prix - Qualifying [v3.5.3]
2025-04-27 13:27:51,568 - fastf1.fastf1.req - INFO - Using cached data for session_info
2025-04-27 13:27:51,580 - fastf1.fastf1.req - INFO - Using cached data for driver_info
2025-04-27 13:27:51,610 - fastf1.fastf1.req - INFO - Using cached data for session_status_data
2025-04-27 13:27:51,618 - fastf1.fastf1.req - INFO - Using cached data for track_status_data
2025-04-27 13:27:51,630 - fastf1.fastf1.req - INFO - Using cached data for _extended_timing_data
2025-04-27 13:27:51,638 - fastf1.fastf1.req - INFO - Using cached data for timing_app_data
2025-04-27 13:27:51,639 - fastf1.fastf1.core - INFO - Processing timing data...
2025-04-27 13:27:52,229 - fastf1.fastf1.core - WARNING - No lap data for driver 47
2025-04-27 13:27:52,321 - fastf1.fastf1.core - WARNING - Driver  5: Lap timing integrity check failed for 1 lap(s)
2025-04-27 13:27:52,392 - fastf1.fastf1.core - WARNING - Failed to perform lap accuracy check - all laps marked as inaccurate (driver 47)
2025-04-27 13:27:52,428 - fastf1.fastf1.req - INFO - Using cached data for car_data
2025-04-27 13:27:52,496 - fastf1.fastf1.req - INFO - Using cached data for position_data
2025-04-27 13:27:53,424 - fastf1.fastf1.req - INFO - Using cached data for weather_data
2025-04-27 13:27:53,432 - fastf1.fastf1.req - INFO - Using cached data for race_control_messages
2025-04-27 13:27:53,487 - fastf1.fastf1.core - INFO - Finished loading data for 20 drivers: ['16', '33', '77', '55', '4', '10', '44', '5', '11', '99', '31', '3', '18', '7', '63', '22', '14', '6', '9', '47']
2025-04-27 13:27:53,492 - data.collector - INFO - Processed 425 laps from Monaco Grand Prix
2025-04-27 13:27:53,504 - data.collector - INFO - Saved 425 records to D:\VSCODE\UEH_BigData_Final\UEH_BigData_Final\data\raw\2021\monaco_grand_prix_q_laps.parquet
2025-04-27 13:27:53,525 - data.collector - INFO - Processed 20 drivers from Monaco Grand Prix
2025-04-27 13:27:53,529 - data.collector - INFO - Saved 20 records to D:\VSCODE\UEH_BigData_Final\UEH_BigData_Final\data\raw\2021\monaco_grand_prix_q_drivers.parquet
2025-04-27 13:27:53,532 - data.collector - INFO - Processed results for Monaco Grand Prix
2025-04-27 13:27:53,539 - data.collector - INFO - Saved 20 records to D:\VSCODE\UEH_BigData_Final\UEH_BigData_Final\data\raw\2021\monaco_grand_prix_q_results.parquet
2025-04-27 13:30:29,448 - data.collector - INFO - FastF1 cache enabled at D:\VSCODE\UEH_BigData_Final\UEH_BigData_Final\data\cache
2025-04-27 13:30:29,448 - data.collector - INFO - F1Collector initialized successfully
2025-04-27 13:30:29,450 - data.collector - INFO - Loading R session for Monaco Grand Prix 2021
2025-04-27 13:30:29,474 - fastf1.fastf1.core - INFO - Loading data for Monaco Grand Prix - Race [v3.5.3]
2025-04-27 13:30:29,476 - fastf1.fastf1.req - INFO - Using cached data for session_info
2025-04-27 13:30:29,478 - fastf1.fastf1.req - INFO - Using cached data for driver_info
2025-04-27 13:30:29,514 - fastf1.fastf1.req - INFO - Using cached data for session_status_data
2025-04-27 13:30:29,516 - fastf1.fastf1.req - INFO - Using cached data for lap_count
2025-04-27 13:30:29,518 - fastf1.fastf1.req - INFO - Using cached data for track_status_data
2025-04-27 13:30:29,525 - fastf1.fastf1.req - INFO - Using cached data for _extended_timing_data
2025-04-27 13:30:29,527 - fastf1.fastf1.req - INFO - Using cached data for timing_app_data
2025-04-27 13:30:29,528 - fastf1.fastf1.core - INFO - Processing timing data...
2025-04-27 13:30:31,246 - fastf1.fastf1.req - INFO - Using cached data for car_data
2025-04-27 13:30:31,349 - fastf1.fastf1.req - INFO - Using cached data for position_data
2025-04-27 13:30:32,899 - fastf1.fastf1.req - INFO - Using cached data for weather_data
2025-04-27 13:30:32,901 - fastf1.fastf1.req - INFO - Using cached data for race_control_messages
2025-04-27 13:30:32,905 - fastf1.fastf1.core - WARNING - Driver 33 completed the race distance 00:00.058000 before the recorded end of the session.
2025-04-27 13:30:32,991 - fastf1.fastf1.core - INFO - Finished loading data for 20 drivers: ['33', '55', '4', '11', '5', '10', '44', '18', '31', '99', '7', '3', '14', '63', '6', '22', '9', '47', '77', '16']
2025-04-27 13:30:32,997 - data.collector - INFO - Processed 1420 laps from Monaco Grand Prix
2025-04-27 13:30:33,008 - data.collector - INFO - Saved 1420 records to D:\VSCODE\UEH_BigData_Final\UEH_BigData_Final\data\raw\2021\monaco_grand_prix_r_laps.parquet
2025-04-27 13:30:33,030 - data.collector - INFO - Processed 20 drivers from Monaco Grand Prix
2025-04-27 13:30:33,033 - data.collector - INFO - Saved 20 records to D:\VSCODE\UEH_BigData_Final\UEH_BigData_Final\data\raw\2021\monaco_grand_prix_r_drivers.parquet
2025-04-27 13:30:33,035 - data.collector - INFO - Processed results for Monaco Grand Prix
2025-04-27 13:30:33,042 - data.collector - INFO - Saved 20 records to D:\VSCODE\UEH_BigData_Final\UEH_BigData_Final\data\raw\2021\monaco_grand_prix_r_results.parquet
2025-04-27 13:30:33,043 - data.collector - INFO - Loading Q session for Monaco Grand Prix 2021
2025-04-27 13:30:33,060 - fastf1.fastf1.core - INFO - Loading data for Monaco Grand Prix - Qualifying [v3.5.3]
2025-04-27 13:30:33,062 - fastf1.fastf1.req - INFO - Using cached data for session_info
2025-04-27 13:30:33,063 - fastf1.fastf1.req - INFO - Using cached data for driver_info
2025-04-27 13:30:33,088 - fastf1.fastf1.req - INFO - Using cached data for session_status_data
2025-04-27 13:30:33,089 - fastf1.fastf1.req - INFO - Using cached data for track_status_data
2025-04-27 13:30:33,091 - fastf1.fastf1.req - INFO - Using cached data for _extended_timing_data
2025-04-27 13:30:33,094 - fastf1.fastf1.req - INFO - Using cached data for timing_app_data
2025-04-27 13:30:33,095 - fastf1.fastf1.core - INFO - Processing timing data...
2025-04-27 13:30:33,694 - fastf1.fastf1.core - WARNING - No lap data for driver 47
2025-04-27 13:30:33,788 - fastf1.fastf1.core - WARNING - Driver  5: Lap timing integrity check failed for 1 lap(s)
2025-04-27 13:30:33,865 - fastf1.fastf1.core - WARNING - Failed to perform lap accuracy check - all laps marked as inaccurate (driver 47)
2025-04-27 13:30:33,896 - fastf1.fastf1.req - INFO - Using cached data for car_data
2025-04-27 13:30:33,957 - fastf1.fastf1.req - INFO - Using cached data for position_data
2025-04-27 13:30:34,929 - fastf1.fastf1.req - INFO - Using cached data for weather_data
2025-04-27 13:30:34,931 - fastf1.fastf1.req - INFO - Using cached data for race_control_messages
2025-04-27 13:30:34,988 - fastf1.fastf1.core - INFO - Finished loading data for 20 drivers: ['16', '33', '77', '55', '4', '10', '44', '5', '11', '99', '31', '3', '18', '7', '63', '22', '14', '6', '9', '47']
2025-04-27 13:30:34,995 - data.collector - INFO - Processed 425 laps from Monaco Grand Prix
2025-04-27 13:30:35,007 - data.collector - INFO - Saved 425 records to D:\VSCODE\UEH_BigData_Final\UEH_BigData_Final\data\raw\2021\monaco_grand_prix_q_laps.parquet
2025-04-27 13:30:35,029 - data.collector - INFO - Processed 20 drivers from Monaco Grand Prix
2025-04-27 13:30:35,044 - data.collector - INFO - Saved 20 records to D:\VSCODE\UEH_BigData_Final\UEH_BigData_Final\data\raw\2021\monaco_grand_prix_q_drivers.parquet
2025-04-27 13:30:35,047 - data.collector - INFO - Processed results for Monaco Grand Prix
2025-04-27 13:30:35,054 - data.collector - INFO - Saved 20 records to D:\VSCODE\UEH_BigData_Final\UEH_BigData_Final\data\raw\2021\monaco_grand_prix_q_results.parquet
